Producer Producer 1 created
Producer 3 created
Cur Size : 0
Producer 6 created
Producer 5 created
Worker 0 created
Cur Size : 1
Cur Size : 2
0 created
Worker 5 created
Worker 3 created
Worker Producer 7 created
7 created
Worker 4 created
Worker Worker 61 created
 created
i: 0, j: 0, k: 0
-100 -71 110 -50 -127 53 -30 -52 -38 175 
-43 -130 -10 -18 163 53 -3 -97 -82 66 
0 -19 16 Worker 2 created
-10 -1 -134 67 121 -27 -125 
-51 184 -126 23 57 -65 130 84 -109 -155 
138 155 -38 -13 64 -3 71 -7 33 -92 
-160 -70 167 -90 21 -60 -20 121 76 -21 
-24 123 244 60 59 34 18 -6 167 -64 
188 105 -35 24 -28 25 -19 -177 -48 20 
147 -49 -55 -47 9 -125 25 -34 10 -23 
73 16 -55 -49 11 13 -82 -23 -13 -22 
Producer 2 created
Producer 4 created
Cur Size : 4
Producer 4 exited
i: 1, j: 0, k: 0
150 -12 -205 -95 93 -4 15 -25 5 3 
-42 -205 214 -17 -139 53 -73 -59 115 194 
65 -203 -94 -48 4 100 -77 -145 -69 172 
64 -38 -199 6 34 8 -35 27 -161 -26 
-22 158 -124 11 102 -25 152 123 76 -118 
-28 30 326 88 -48 117 -96 -114 145 89 
-28 -34 51 34 -45 -34 24 49 -96 -57 
-123 23 -38 30 101 -49 -1 150 -8 -130 
-54 5 61 -63 -4 8 -84 -22 55 77 
12 180 -35 48 -47 -184 94 167 -41 -214 
I entered mutex but  Jobs already created 
Producer 2 exited
I entered mutex but  Jobs already created 
Producer 7 exited
i: 0, j: 1, k: 0
156 42 -161 1 -80 46 -152 -44 118 43 
-107 -102 -139 63 -178 67 136 -131 -57 34 
-38 63 91 68 -18 118 139 15 110 -56 
-50 -84 28 -121 -136 -142 -111 -28 53 155 
-93 -99 221 -6 19 84 16 44 -74 61 
-42 30 -83 90 38 233 135 -8 196 -99 
-171 4 17 180 -35 244 132 84 -40 -96 
-5 -121 159 -135 -90 83 -50 25 -128 195 
-18 15 136 -15 12 57 47 -25 -75 44 
-6 -121 126 -130 95 98 61 37 21 69 
i: 1, j: 1, k: 0
-17 -98 162 -98 138 -99 -24 -48 -128 57 
109 228 -113 145 85 158 87 -4 -10 -216 
72 2 -28 -81 37 -9 82 -99 -119 -16 
50 -138 40 -24 -9 -159 -57 7 66 90 
-77 25 34 23 71 -277 -136 -14 -96 -37 
-57 20 -93 201 -62 267 70 105 -22 -89 
6 44 31 44 -92 151 145 18 124 -37 
-83 -53 -94 67 6 -116 23 22 111 -37 
34 -99 -109 -7 17 1 -155 7 74 90 
-7 -8 109 15 -59 -73 -121 96 156 92 
i: 1, j: 0, k: 1
344 -85 -195 -146 81 -39 160 -47 -59 -2 
-17 -163 239 -65 -80 226 -76 -12 -20 140 
176 -274 -218 71 251 165 -187 -138 -1 -51 
9 -154 -272 88 138 -8 -260 -106 -104 -102 
-91 141 -108 18 193 -1 117 179 92 -149 
50 69 390 -5 57 384 82 -23 44 125 
-80 -141 203 -28 -87 10 58 -2 -105 21 
-91 34 73 -86 52 -100 158 241 -39 -106 
-124 2 28 -42 -134 -115 -152 -97 54 196 
0 187 -158 78 -97 -287 70 83 -30 -122 
I entered mutex but  Jobs already created 
Producer 6 exited
i: 0, j: 1, k: 1
186 -8 -156 123 -180 -106 -308 -223 187 229 
-224 -185 37 128 -86 31 91 -195 -22 164 
41 87 16 -94 45 190 184 -103 189 72 
-24 -85 -34 8 -28 -242 -36 -63 -28 270 
-88 -96 184 -96 167 121 46 186 -190 27 
-143 -29 178 95 157 190 3 -111 173 -31 
-22 -126 -81 -90 119 251 124 -40 -80 -81 
1 -202 131 -13 -189 -181 -291 -46 -188 329 
50 34 -60 -191 -16 143 151 -162 85 107 
-99 -143 111 -45 162 95 254 78 52 205 
I entered mutex but  Jobs already created 
Producer 0 exited
i: 0, j: 0, k: 1
-216 -52 -23 99 -122 -115 -216 -161 114 196 
-111 -26 8 -65 116 47 12 -71 -41 85 
-4 12 -37 35 -38 -38 19 1 48 -74 
55 225 -365 101 96 -165 -14 44 -125 -356 
249 126 -23 -62 214 207 140 36 -37 -185 
-189 66 287 -152 -99 28 84 168 145 1 
35 55 234 66 152 123 -58 -74 176 -140 
82 118 -151 180 104 -3 -219 -188 21 -60 
14 6 -149 61 -23 -124 -68 -135 162 130 
35 137 -206 -11 -39 -88 -132 -9 87 -87 
i: 1, j: 1, k: 1
30 67 173 -14 182 35 44 36 -182 -106 
54 212 -20 183 162 72 -49 -9 -81 -159 
233 -110 -235 -248 193 -131 42 -105 -331 -111 
197 -307 -101 -216 -45 -237 -87 -91 110 291 
-104 -70 -6 -22 52 -330 -141 57 -120 -34 
-135 123 -91 163 82 387 118 277 -89 -201 
19 23 78 -44 -239 220 136 100 217 52 
-184 -53 59 152 51 -48 64 114 92 -145 
93 -66 -215 -76 -81 87 -42 -120 230 85 
-22 130 17 120 -132 48 51 136 292 166 
i: 0, j: 0, k: 0
-1810 119 785 1624 -2820 -1804 -3778 -1524 4111 926 
-1155 873 3314 -556 902 302 1840 2185 -219 -2446 
-556 1456 -254 -28 -739 493 -1498 223 -39 -484 
3502 2988 -8224 1926 1229 -1410 -1746 -732 -2898 -4285 
1284 -1449 -2799 -932 742 168 -439 -1240 -1969 2727 
-5282 247 2050 1 -1670 -2321 -690 1154 1044 -1166 
1159 -1010 -511 -2592 1028 1853 2841 1542 -3251 601 
457 166 4869 -2087 -206 2257 2376 3109 570 -1895 
-5359 -4687 3269 -822 -5429 -1531 -729 402 -409 6403 
324 720 5081 -1560 838 2335 4011 3768 -355 -3729 
I entered mutex but  Jobs already created 
Producer 1 exited
I entered mutex but  Jobs already created 
Producer 3 exited
I entered mutex but  Jobs already created 
Producer 5 exited
i: 0, j: 1, k: 0
2528 394 -1201 -1108 1074 3104 1151 -1290 3821 1401 
-1672 -329 -296 915 466 -552 -740 -1130 -1011 -2681 
261 -1571 2784 2211 -320 -2128 -4968 957 115 3420 
465 -1684 1751 -462 -609 -4235 -785 2779 -1751 5935 
-2542 -1639 596 233 -890 -1282 3301 2008 -2748 99 
-65 -105 -3085 3058 -208 39 -64 -4783 4563 866 
-3290 -427 2503 1203 503 -199 2775 2224 -1600 -1096 
-2052 454 2304 -334 3818 3814 3510 2511 -58 -4542 
3156 4065 -2474 3744 -3142 -1901 -3867 -1931 5140 -2285 
-478 1653 699 52 2903 2163 90 1068 90 -4708 
i: 1, j: 0, k: 0
4200 2307 -3351 3552 4756 794 -1093 -2748 -1217 -3844 
-1832 143 3285 -1990 -3547 -893 1392 4267 1086 -1991 
-2384 1580 -2158 -555 840 -1844 -854 -518 954 -523 
-1319 -42 74 1185 -2014 -1939 -44 1153 -279 -1141 
800 -733 6144 -2435 68 3356 2236 2421 1531 -418 
1710 -2246 2992 -565 533 1788 1989 -352 1040 2280 
217 795 -2663 584 -2160 -1323 -2595 -1110 1137 2272 
-804 -258 -1126 1246 -840 -1871 -393 -114 90 -1147 
1788 183 1593 80 77 650 620 438 2079 -1199 
2549 3342 -4661 2735 4150 -68 -2662 -3137 364 -4228 
i: 1, j: 1, k: 0
1074 -2239 -884 -2131 -2594 -3724 -4152 380 -5891 2428 
-647 2329 849 201 4462 3626 5144 1607 4197 -4028 
-1973 -2769 -1770 1495 553 -18 1768 -3307 1372 3502 
3256 2817 -2317 452 -940 -2373 -3321 -739 2156 -1068 
-175 858 -16 -419 4827 4508 2604 3909 -466 -6420 
766 2362 -1032 -2920 968 3689 2884 942 -899 -5076 
1596 -268 2279 -37 -877 -2118 -4060 1122 362 3456 
1443 1575 -2430 -743 -377 426 1943 -1724 2315 -12 
1039 1372 -794 -3092 3147 4139 3914 1663 300 -3218 
-1824 -4737 853 -1659 -595 114 1700 -1401 -2822 6367 
i: 0, j: 0, k: 1
-541 2980 -1200 2841 -1452 -1980 -4413 -2367 5113 658 
-1458 837 3306 -1052 -1649 -2154 1694 30 -834 -692 
-3467 6006 -3094 30 -1060 -4995 434 3409 1256 -2497 
673 2076 -7590 1624 -1335 -1543 -5603 -1879 -1930 -1624 
-3690 2909 191 464 1147 -998 1307 2409 -2064 429 
-6821 3710 2953 637 -4505 -4372 -1754 71 2807 1128 
-3142 1226 9 -1997 -215 -159 3305 5041 -3098 -1288 
-2989 1372 2591 -60 -2131 -3038 1472 4221 51 -4182 
-1488 -7399 7000 -2909 -4706 3861 2 -657 -1205 8735 
-1376 192 2111 340 -412 359 -356 1106 -809 -3785 
i: 1, j: 0, k: 1
3684 6130 -5026 6036 6408 132 363 -1505 -1209 -7323 
-4482 2403 10317 -3496 -5890 1183 2451 4783 2361 1545 
172 -2659 -481 -2372 2250 2092 -2174 -1883 460 1762 
-2946 1925 3079 316 -5672 -5395 2368 2067 -1235 -484 
547 -2704 7162 -1463 148 8034 -3464 -1610 2864 3357 
2485 -1364 2356 -137 900 2552 -182 -2898 1325 4031 
-3544 2498 607 1113 -4334 -1281 -3050 -521 1704 3494 
-474 -2653 -5412 546 634 -3469 -3165 -1931 -81 -735 
7081 -3022 -1494 1201 4272 4065 348 -3102 668 -2629 
5636 -2070 -4099 506 4061 1039 -2692 -4100 -1755 -3276 
i: 0, j: 1, k: 1
2068 -1094 -3574 -1472 1768 3915 1404 -210 3901 2346 
-473 -1157 454 -1468 -3865 2394 -113 -1706 3348 842 
-2219 -3226 3446 2564 -2005 -6374 -6729 508 3009 5210 
2012 -2042 303 -332 340 -7016 -3913 -2056 -1725 6590 
-6412 -4186 -68 1895 -5431 -393 4052 6583 4021 2765 
-720 363 -5429 3744 -1501 2761 -7 -5748 7117 1805 
-5048 253 4030 3949 -775 -4577 225 2206 1180 517 
-1470 -623 2151 -1558 -976 1900 3715 1508 5194 -375 
2889 6745 -1897 6600 1581 2493 -2383 -49 1204 -7033 
2037 -2380 -29 -3596 -134 -360 -1427 -2952 2425 712 
i: 1, j: 1, k: 1
-781 -3719 344 -2407 -5294 -4909 -4087 3199 -4463 5686 
-4147 2516 284 2950 4141 8674 6019 2535 5659 -6620 
-353 -2107 -3834 1857 4955 1935 2627 -3476 -1962 -589 
776 3159 142 2048 -5123 2561 -779 742 7828 140 
3495 518 -5334 -1972 6903 4805 348 1423 -2220 -5865 
1895 70 -3893 -4508 347 5928 2757 1427 1256 -2614 
1030 701 1320 1135 -3873 -922 -5016 2088 4558 5353 
4050 -3286 -3925 -5284 -34 -3496 288 -5557 1944 1961 
3848 -871 -680 -8192 2860 5653 6013 3205 -3374 -2010 
-156 -3768 2375 -1577 1956 1973 3680 -2364 -5027 3294 
i: 0, j: 0, k: 0
-99799 46733 42323 -12913 -46108 -63506 28298 58105 7555 8356 
31528 26375 -7496 44891 49886 10760 -29404 -66223 43702 4725 
-43284 75689 -8563 -15743 40744 -50267 83043 59157 -18732 -44026 
-63678 18339 88070 -3286 -10608 -16469 41496 48634 -32219 -45140 
94608 -49391 -53149 10207 74148 64291 -2650 -31111 -58715 -44428 
-14908 -31546 6602 1717 -55992 16396 -63148 -31234 14607 18369 
-17453 33122 -60983 12374 -29201 -33934 -60605 -48078 20232 50325 
-114342 82343 71977 19765 -9433 -50013 33978 80702 39933 -45269 
23882 15840 -45177 12275 -31661 -32656 -60670 -53289 17560 -4214 
-75394 169412 -134080 63498 -11718 -115062 -85841 -15501 59956 -10978 
i: 1, j: 0, k: 0
15708 -58727 7662 -3885 5105 45634 -6568 10206 -55938 -30908 
-9578 81454 -129137 33583 61744 -14100 -27808 -3340 -32476 -36953 
-58075 -8746 74837 -14265 -69355 -25692 -11087 -16825 27211 85867 
-35151 -11973 62008 6868 -29469 -4417 -3172 33829 39702 34225 
-66382 7322 -980 -31710 -33658 -17129 31996 78635 -53809 15505 
-9049 -3574 4944 -13298 -26431 -30948 12744 25037 25836 -6912 
-21523 10951 64969 7571 -26163 -39812 5553 -11866 41428 -44957 
36431 -14635 27353 12632 44677 30811 15277 -42517 2427 33252 
25773 -300 18055 -6011 73097 34722 66942 10418 -26492 -23668 
75831 -106423 54605 -6202 -8918 68487 -19369 -55609 11849 48232 
i: 0, j: 1, k: 0
-61549 52 -7813 80898 -47564 -4627 -1706 4484 89703 8585 
1230 -54137 -74387 -73611 -20973 94234 78081 16973 5184 22986 
-114977 -48338 43070 25915 -75744 -33381 22042 35976 14744 37631 
-61894 -50834 -1256 -43181 -76480 76483 110176 41076 112066 1686 
24743 -34077 28986 -94255 3091 -31490 24664 30035 -108795 -186 
88717 51716 -50795 22386 71030 -19862 -72073 -124177 -1678 -11344 
27429 -3 -45620 61835 -5889 -62670 -102658 -59052 -13678 59669 
-94561 -53594 -27618 8477 -41524 76196 112396 54324 155057 11976 
82666 -15833 -7355 -28781 1968 -42586 -116103 -78119 -12562 57211 
-67396 -94914 -54660 47977 -53032 -62719 -17518 13793 76733 174594 
i: 0, j: 0, k: 1
-6700 53979 -87450 42145 29988 -78864 20237 9963 -24746 -64006 
68782 -60319 -128799 24584 157152 27847 -86172 -118784 24063 1149 
-26001 70850 7029 -45382 13316 -51276 82036 46654 -13120 -22690 
-121326 -13270 114352 -26768 -90062 -79523 32094 52188 -23020 26470 
-40398 -18810 -19948 -29747 -25314 -2710 -380 31741 -33755 34114 
-154813 92444 111563 26073 -215053 -83751 -20669 50583 35266 64999 
-27534 -369 92516 -66431 -83119 35887 -38636 -10493 40574 82961 
-18861 148579 -13172 98512 65171 -73248 64682 52012 -1956 -160112 
50160 -41003 37412 -54406 -40267 18535 -26359 -55606 21391 54765 
-124343 139545 -89029 6461 -74957 -166712 -77704 -4152 41565 49894 
i: 1, j: 1, k: 0
24372 10878 5485 -31479 19552 -18406 30617 -9708 -33328 -30750 
-77728 -79768 -10639 12317 -36091 -104238 13901 27594 -43336 111183 
12649 34162 -51584 70696 -29255 54165 -32202 -24010 77721 -21544 
5889 754 -1941 21159 654 49337 9254 86474 80646 -41430 
-76774 17531 54589 101204 -26838 -79790 -5605 61053 34179 6106 
28172 39170 23180 32794 29991 -28613 -66189 -34195 -10103 -28050 
41952 4539 -45424 -56355 -1620 87267 21038 -99114 48301 -21014 
-33756 -22034 -35693 -45273 -40599 104822 113949 68117 -1559 -18304 
-73348 -25464 11927 -40303 -31576 47837 107213 52070 -29531 -21156 
97217 63070 -19866 -47448 57830 82895 11890 -11627 -44382 -92141 
i: 1, j: 0, k: 1
-28011 -17574 -22180 17849 -94184 -88040 10463 12359 -92163 12438 
27525 93978 -85893 39632 78545 -4641 -11173 -19694 -25322 -63885 
-4361 -95389 64578 -43884 -26580 25912 -51168 -61393 6272 93582 
-26036 -15264 132858 -2554 -22464 97833 -47454 -282 73916 120868 
-4977 43639 -35547 33518 1982 -9139 23454 32757 -50543 -13150 
-144095 70514 114435 -57161 -113774 -34859 48819 133582 50937 35055 
-27007 -67860 63809 -33544 -8728 24355 -41813 -48046 83453 58737 
53473 -92731 81342 -28143 45860 91736 -49472 -102698 36730 105271 
-3191 23500 21744 -33855 47796 -2536 114952 76833 -43806 -65582 
163077 -159662 41036 -2170 49384 146772 -15487 -103226 29635 81004 
i: 0, j: 1, k: 1
-60882 -42908 81510 28381 -104720 -62718 -11340 19486 5336 112427 
18302 -134279 -136331 -95913 61031 -11856 83352 -117681 -114232 29433 
-157464 -48525 104757 49164 -55220 72982 109085 53340 38842 63095 
-16520 -28117 -59263 -74175 -103372 97430 112071 -7470 230501 -26088 
-18595 -8080 22774 -13774 -17610 -73945 -15906 -2315 2633 7600 
63199 125896 -33128 80369 -78783 -20004 -170533 -51061 199901 14723 
-20103 41372 -30530 117370 120186 98865 20190 -41316 -4927 -68132 
-118526 -85749 57500 -26195 -137763 53888 103417 112521 93420 105126 
53231 20460 -16608 7352 85185 96402 -6924 -73854 -18852 -38854 
-98245 -72157 -70950 129523 -44512 -13533 14591 -55331 145528 145746 
i: 1, j: 1, k: 1
10676 52971 88702 18975 -148560 -46625 -45209 -10600 87915 74461 
-72003 -102023 -67438 -57218 -20399 9160 108273 39850 -8663 62590 
39557 19371 -63841 79117 51317 58702 -12345 -85799 -13137 -53990 
3460 8264 -15547 34975 39340 86088 -28767 127833 33734 -60076 
-36874 -1809 56969 7631 -99214 -67019 -26768 122274 31318 59492 
-78061 87593 63590 183400 46860 -65651 -115807 -11518 35450 -69861 
86975 -4021 -123221 -100357 82503 97946 36491 -132338 27885 -64135 
31401 -47233 -154251 -112203 58256 222388 191385 21886 20692 -82223 
-161039 -15024 106845 29036 -15786 28403 149913 42456 -37392 -34528 
137575 67881 -24443 -142214 93113 134121 57650 35309 -109816 -129974 
Worker 6 exited
Worker 4 exited
Worker 2 exited
